[08:49:12] Using gulpfile /pj/domain-as-mail/appm/gulpfile.js
[08:49:12] Starting 'default'...
[08:49:12] Starting 'clean'...
[08:49:12] Starting 'wiredep'...
[08:49:12] Starting 'bower-fonts'...
[08:49:12] Starting 'environment'...
[08:49:12] Finished 'default' after 88 ms
[08:49:12] gulp-inject Nothing to inject into main/constants/config-const.js.
[08:49:12] Finished 'wiredep' after 178 ms
[08:49:12] Finished 'environment' after 114 ms
[08:49:12] Starting 'build-vars'...
[08:49:12] Finished 'clean' after 202 ms
[08:49:12] Starting 'styles'...
[08:49:12] gulp-inject 1 files into main/constants/config-const.js.
[08:49:13] Finished 'build-vars' after 1.29 s
[08:49:13] Finished 'styles' after 1.29 s
[08:49:13] Finished 'bower-fonts' after 1.55 s
[08:49:13] Starting 'inject-all'...
[08:49:14] gulp-inject 21 files into index.html.
[08:49:14] gulp-inject 2 files into index.html.
[08:49:14] Finished 'inject-all' after 168 ms
[08:49:14] Starting 'watch'...
[08:49:14] Starting 'eslint'...
[08:49:14] Starting 'jsonlint'...
[08:49:14] Finished 'watch' after 338 ms
[BS] Access URLs:
 ---------------------------------------
       Local: http://localhost:33828
    External: http://192.168.88.78:33828
 ---------------------------------------
          UI: http://localhost:3001
 UI External: http://192.168.88.78:3001
 ---------------------------------------
[BS] Serving files from: app
[BS] Serving files from: .tmp
[08:49:14] Finished 'jsonlint' after 715 ms
[08:49:15] Finished 'eslint' after 1.8 s
[08:49:15] Starting 'linting'...
[08:49:15] Finished 'linting' after 6.46 μs
File /pj/domain-as-mail/appm/app/main/templates/mailbox_add.html was changed, running tasks...
[BS] Reloading Browsers...
[08:52:07] Starting 'eslint'...
[08:52:07] Starting 'jsonlint'...
[08:52:08] Finished 'jsonlint' after 319 ms
[08:52:09] Finished 'eslint' after 1.36 s
[08:52:09] Starting 'linting'...
[08:52:09] Finished 'linting' after 5.7 μs
File /pj/domain-as-mail/appm/app/main/main.js was changed, running tasks...
[BS] Reloading Browsers...
[08:52:45] Starting 'eslint'...
[08:52:45] Starting 'jsonlint'...
[08:52:45] Finished 'jsonlint' after 294 ms
[08:52:46] Finished 'eslint' after 1.31 s
[08:52:46] Starting 'linting'...
[08:52:46] Finished 'linting' after 17 μs
File /pj/domain-as-mail/appm/app/main/main.js was changed, running tasks...
[BS] Reloading Browsers...
[08:52:50] Starting 'eslint'...
[08:52:50] Starting 'jsonlint'...
[08:52:50] Finished 'jsonlint' after 181 ms
[08:52:51] [08:52:51] Finished 'linting' after 4.82 μs
Finished 'eslint' after 1.08 s
[08:52:51] Starting 'linting'...
File /pj/domain-as-mail/appm/app/index.html was changed, running tasks...
[BS] Reloading Browsers...
[08:53:46] Starting 'eslint'...
[08:53:46] Starting 'jsonlint'...
File /pj/domain-as-mail/appm/app/main/constants/config-const.js was changed, running tasks...
[BS] Reloading Browsers...
[08:53:46] Starting 'environment'...
[08:53:46] gulp-inject Nothing to inject into main/constants/config-const.js.
[08:53:46] Finished 'jsonlint' after 370 ms
[08:53:46] Finished 'environment' after 411 ms
[08:53:48] Finished 'eslint' after 1.59 s
[08:53:48] Starting 'linting'...
[08:53:48] Finished 'linting' after 6.01 μs
File /pj/domain-as-mail/appm/app/main/constants/config-const.js was changed, running tasks...
[BS] Reloading Browsers...
[08:53:48] Starting 'eslint'...
[08:53:48] Starting 'jsonlint'...
[08:53:48] Starting 'environment'...
[08:53:48] gulp-inject Nothing to inject into main/constants/config-const.js.
File /pj/domain-as-mail/appm/.tmp/signup/styles/signup.css was changed, running tasks...
[BS] Reloading Browsers...
File /pj/domain-as-mail/appm/.tmp/main/styles/main.css was changed, running tasks...
[BS] Reloading Browsers...
[08:53:48] Finished 'jsonlint' after 228 ms
[08:53:48] Finished 'environment' after 252 ms
File /pj/domain-as-mail/appm/app/index.html was changed, running tasks...
[BS] Reloading Browsers...
[08:53:48] Starting 'jsonlint'...
[08:53:48] Finished 'jsonlint' after 178 ms
[08:53:49] Finished 'eslint' after 1.43 s
[08:53:49] Starting 'linting'...
[08:53:49] Finished 'linting' after 5.21 μs
